autoscan: warning: missing AC_CHECK_DECLS([sys_siglist]) wanted by: 
	threadproc/unix/signals.c:119
autoscan: warning: missing AC_CHECK_FUNCS([atexit]) wanted by: 
	file_io/win32/filestat.c:103
	dso/aix/dso.c:255
	test/readchild.c:30
	test/sendfile.c:727
	test/globalmutexchild.c:39
	test/testlockperf.c:293
	test/occhild.c:16
	test/sockchild.c:30
	test/sockperf.c:223
	test/testutil.c:53
	test/echod.c:121
	test/internal/testregex.c:46
autoscan: warning: missing AC_CHECK_FUNCS([dup2]) wanted by: 
	file_io/unix/filedup.c:46
	threadproc/unix/proc.c:449
	threadproc/unix/proc.c:458
	threadproc/unix/proc.c:467
	threadproc/beos/apr_proc_stub.c:52
	threadproc/beos/apr_proc_stub.c:56
	threadproc/beos/apr_proc_stub.c:60
autoscan: warning: missing AC_CHECK_FUNCS([fdatasync]) wanted by: 
	file_io/unix/readwrite.c:478
autoscan: warning: missing AC_CHECK_FUNCS([ftruncate]) wanted by: 
	file_io/unix/seek.c:132
autoscan: warning: missing AC_CHECK_FUNCS([getcwd]) wanted by: 
	file_io/unix/filepath.c:42
	build/jlibtool.c:1214
	build/jlibtool.c:1651
	threadproc/beos/proc.c:108
	threadproc/beos/proc.c:238
autoscan: warning: missing AC_CHECK_FUNCS([gethostbyaddr]) wanted by: 
	network_io/unix/sockaddr.c:842
autoscan: warning: missing AC_CHECK_FUNCS([gethostbyname]) wanted by: 
	network_io/unix/sockaddr.c:589
autoscan: warning: missing AC_CHECK_FUNCS([gethostname]) wanted by: 
	network_io/win32/sockopt.c:292
	network_io/unix/sockopt.c:392
	network_io/unix/sockopt.c:394
	network_io/os2/sockopt.c:135
	crypto/getuuid.c:90
autoscan: warning: missing AC_CHECK_FUNCS([getpass]) wanted by: 
	passwd/apr_getpass.c:242
autoscan: warning: missing AC_CHECK_FUNCS([gettimeofday]) wanted by: 
	time/unix/time.c:77
	time/unix/time.c:329
	crypto/getuuid.c:88
autoscan: warning: missing AC_CHECK_FUNCS([localtime_r]) wanted by: 
	time/unix/time.c:90
autoscan: warning: missing AC_CHECK_FUNCS([memchr]) wanted by: 
	uri/apr_uri.c:861
	uri/apr_uri.c:870
	uri/apr_uri.c:898
	jose/apr_jose_decode.c:434
	jose/apr_jose_decode.c:559
	jose/apr_jose_decode.c:578
	jose/apr_jose_decode.c:597
	jose/apr_jose_decode.c:690
	network_io/win32/sockopt.c:296
	network_io/unix/sockaddr.c:293
	network_io/unix/sockaddr.c:303
	network_io/unix/sockopt.c:399
	network_io/os2/sockopt.c:139
	include/apr_general.h:163
	buckets/apr_brigade.c:351
	strings/apr_strings.c:90
	strings/apr_strings.c:216
autoscan: warning: missing AC_CHECK_FUNCS([memmove]) wanted by: 
	file_io/win32/filepath.c:890
	file_io/win32/filepath.c:901
	file_io/win32/filepath.c:931
	dbm/sdbm/sdbm_pair.c:213
	network_io/unix/sockaddr.c:133
	dbd/unsupported/apr_dbd_freetds.c:420
autoscan: warning: missing AC_CHECK_FUNCS([memset]) wanted by: 
	xml/apr_xml_xmllite.c:162
	time/win32/timestr.c:207
	time/unix/time.c:260
	time/unix/timestr.c:136
	misc/netware/libprews.c:123
	misc/unix/rand.c:147
	file_io/win32/filestat.c:419
	file_io/win32/flock.c:34
	file_io/win32/flock.c:75
	file_io/os2/filestat.c:159
	uri/apr_uri.c:735
	uri/apr_uri.c:928
	jose/apr_jose_decode.c:629
	jose/apr_jose_decode.c:1384
	build/jlibtool.c:2015
	build/aplibtool.c:97
	dbm/apr_dbm_berkeleydb.c:235
	dbm/apr_dbm_berkeleydb.c:322
	dbm/sdbm/sdbm.c:95
	dbm/sdbm/sdbm.c:393
	dbm/sdbm/sdbm_pair.c:268
	dbm/sdbm/sdbm_pair.c:269
	network_io/win32/sendrecv.c:301
	network_io/win32/sendrecv.c:428
	network_io/unix/sockaddr.c:347
	network_io/unix/sockaddr.c:872
	network_io/unix/sockaddr.c:1141
	network_io/unix/sockaddr.c:1160
	network_io/unix/inet_pton.c:168
	passwd/apr_getpass.c:253
	memory/unix/apr_pools.c:181
	memory/unix/apr_pools.c:925
	memory/unix/apr_pools.c:1791
	memory/unix/apr_pools.c:1832
	memory/unix/apr_pools.c:1891
	memory/unix/apr_pools.c:1896
	memory/unix/apr_pools.c:2035
	memory/unix/apr_pools.c:2122
	poll/unix/kqueue.c:106
	poll/os2/poll.c:39
	util-misc/apr_rmm.c:347
	test/testdbm.c:88
	test/testshmconsumer.c:44
	test/testuri.c:265
	test/testuri.c:310
	test/sendfile.c:279
	test/sendfile.c:289
	test/testfile.c:257
	test/testfile.c:281
	test/testfile.c:515
	test/testfile.c:520
	test/testfile.c:555
	test/testfile.c:560
	test/testfile.c:565
	test/testfile.c:601
	test/testfile.c:608
	test/testfile.c:640
	test/testfile.c:653
	test/testfile.c:658
	test/testfile.c:688
	test/testfile.c:1269
	test/testfile.c:1435
	test/testfile.c:1443
	test/testfile.c:1472
	test/testfile.c:1513
	test/testfile.c:1560
	test/testfile.c:1607
	test/testfile.c:1660
	test/testfile.c:1896
	test/testfile.c:1944
	test/testfile.c:1955
	test/testfile.c:1963
	test/testfile.c:2001
	test/testfile.c:2012
	test/testfile.c:2020
	test/testfile.c:2058
	test/testfile.c:2069
	test/testfile.c:2077
	test/testfile.c:2115
	test/testfile.c:2126
	test/testfile.c:2170
	test/testfile.c:2183
	test/sockchild.c:59
	test/sockperf.c:195
	test/testshm.c:49
	test/testsock.c:259
	test/testsock.c:295
	test/testsock.c:391
	test/testsock.c:704
	test/testcrypto.c:2345
	test/testcrypto.c:2457
	test/teststr.c:176
	test/internal/testucs.c:220
	test/internal/testucs.c:223
	test/internal/testucs.c:334
	crypto/apr_crypto_prng.c:359
	crypto/apr_md5.c:314
	crypto/apr_md5.c:436
	crypto/apr_md5.c:588
	crypto/apr_md5.c:662
	crypto/apr_passwd.c:171
	crypto/apr_crypto.c:150
	crypto/apr_md4.c:273
	crypto/apr_md4.c:366
	crypto/crypt_blowfish.c:845
	crypto/apr_sha1.c:324
	crypto/apr_sha1.c:327
	crypto/apr_sha1.c:330
	tables/apr_tables.c:116
	tables/apr_tables.c:177
	threadproc/win32/proc.c:283
	threadproc/win32/proc.c:715
	threadproc/unix/proc.c:224
	threadproc/beos/threadpriv.c:97
autoscan: warning: missing AC_CHECK_FUNCS([mkdir]) wanted by: 
	file_io/unix/dir.c:308
	build/jlibtool.c:694
	build/jlibtool.c:696
	build/aplibtool.c:408
autoscan: warning: missing AC_CHECK_FUNCS([mkfifo]) wanted by: 
	file_io/unix/pipe.c:274
autoscan: warning: missing AC_CHECK_FUNCS([modf]) wanted by: 
	strings/apr_snprintf.c:102
	strings/apr_snprintf.c:109
	strings/apr_snprintf.c:133
autoscan: warning: missing AC_CHECK_FUNCS([munmap]) wanted by: 
	memory/unix/apr_pools.c:199
	memory/unix/apr_pools.c:406
	memory/unix/apr_pools.c:486
	shmem/unix/shm.c:88
	shmem/unix/shm.c:105
	shmem/unix/shm.c:115
	shmem/unix/shm.c:520
	mmap/unix/mmap.c:64
	locks/unix/proc_mutex.c:571
autoscan: warning: missing AC_CHECK_FUNCS([nl_langinfo]) wanted by: 
	misc/unix/charset.c:71
autoscan: warning: missing AC_CHECK_FUNCS([putenv]) wanted by: 
	misc/unix/env.c:61
autoscan: warning: missing AC_CHECK_FUNCS([realpath]) wanted by: 
	build/jlibtool.c:999
autoscan: warning: missing AC_CHECK_FUNCS([regcomp]) wanted by: 
	dbd/unsupported/apr_dbd_freetds.c:433
	dbd/unsupported/apr_dbd_freetds.c:701
	test/internal/testregex.c:51
autoscan: warning: missing AC_CHECK_FUNCS([rmdir]) wanted by: 
	file_io/unix/dir.c:351
	build/jlibtool.c:1960
	build/aplibtool.c:773
autoscan: warning: missing AC_CHECK_FUNCS([select]) wanted by: 
	time/unix/time.c:249
	file_io/win32/pipe.c:368
	network_io/win32/sendrecv.c:485
	network_io/win32/sockets.c:343
	network_io/os2/sendrecv.c:37
	network_io/os2/sendrecv.c:77
	network_io/os2/sendrecv.c:128
	network_io/os2/sendrecv.c:162
	network_io/os2/sendrecv_udp.c:28
	network_io/beos/sendrecv.c:41
	dbd/apr_dbd.c:318
	poll/unix/select.c:135
	poll/unix/select.c:386
	poll/os2/poll.c:67
	poll/os2/pollset.c:229
autoscan: warning: missing AC_CHECK_FUNCS([setenv]) wanted by: 
	misc/unix/env.c:55
autoscan: warning: missing AC_CHECK_FUNCS([socket]) wanted by: 
	misc/unix/rand.c:153
	file_io/win32/pipe.c:316
	file_io/win32/pipe.c:336
	network_io/unix/sockets.c:141
	network_io/unix/sockets.c:147
	network_io/unix/sockets.c:150
	network_io/unix/sockets.c:153
	network_io/unix/sockets.c:166
	network_io/os2/sockets.c:103
	network_io/os2/sockets.c:107
autoscan: warning: missing AC_CHECK_FUNCS([strcasecmp]) wanted by: 
	uri/apr_uri.c:79
	jose/apr_jose_decode.c:751
	jose/apr_jose_decode.c:751
	jose/apr_jose_decode.c:798
	jose/apr_jose_decode.c:799
	jose/apr_jose_decode.c:1698
	jose/apr_jose_decode.c:1701
	jose/apr_jose_decode.c:1704
	jose/apr_jose_decode.c:1707
	jose/apr_jose_decode.c:1710
	jose/apr_jose_decode.c:1722
	jose/apr_jose_decode.c:1725
	jose/apr_jose_decode.c:1728
	jose/apr_jose_decode.c:1731
	jose/apr_jose_decode.c:1734
	build/jlibtool.c:1027
	dbm/apr_dbm.c:85
	dbm/apr_dbm.c:87
	dbm/apr_dbm.c:89
	dbm/apr_dbm.c:113
	dbm/apr_dbm.c:114
	dbm/apr_dbm.c:115
	xlate/xlate.c:73
	include/apr_general.h:123
	crypto/apr_crypto_openssl.c:402
	crypto/apr_crypto_nss.c:205
	tables/apr_tables.c:492
	tables/apr_tables.c:522
	tables/apr_tables.c:534
	tables/apr_tables.c:594
	tables/apr_tables.c:606
	tables/apr_tables.c:663
	tables/apr_tables.c:674
	tables/apr_tables.c:718
	tables/apr_tables.c:773
	tables/apr_tables.c:980
	tables/apr_tables.c:1016
	tables/apr_tables.c:1066
	tables/apr_tables.c:1141
	tables/apr_tables.c:1146
	threadproc/win32/proc.c:524
	threadproc/win32/proc.c:540
	threadproc/win32/proc.c:541
	threadproc/win32/proc.c:560
	threadproc/os2/proc.c:379
	strings/apr_cpystrn.c:248
autoscan: warning: missing AC_CHECK_FUNCS([strchr]) wanted by: 
	xml/apr_xml.c:242
	xml/apr_xml.c:274
	tools/gen_test_char.c:81
	tools/gen_test_char.c:85
	tools/gen_test_char.c:90
	tools/gen_test_char.c:94
	tools/gen_test_char.c:98
	tools/gen_test_char.c:111
	tools/gen_test_char.c:116
	tools/gen_test_char.c:121
	misc/win32/misc.c:275
	misc/unix/getopt.c:91
	file_io/netware/filesys.c:36
	file_io/netware/filesys.c:54
	file_io/netware/filesys.c:55
	file_io/win32/filepath.c:56
	file_io/win32/filepath.c:247
	file_io/unix/mktemp.c:153
	file_io/unix/filepath_util.c:50
	uri/apr_uri.c:122
	uri/apr_uri.c:773
	uri/apr_uri.c:812
	uri/apr_uri.c:822
	uri/apr_uri.c:936
	uri/apr_uri.c:946
	build/jlibtool.c:525
	build/jlibtool.c:665
	build/aplibtool.c:165
	build/aplibtool.c:711
	build/aplibtool.c:720
	build/aplibtool.c:729
	build/aplibtool.c:909
	dso/unix/dso.c:129
	network_io/unix/sockaddr.c:1098
	network_io/unix/inet_pton.c:118
	network_io/unix/inet_pton.c:181
	network_io/unix/inet_pton.c:182
	dbd/apr_dbd_oracle.c:406
	dbd/apr_dbd_oracle.c:406
	dbd/apr_dbd_odbc.c:1422
	dbd/apr_dbd_odbc.c:1425
	dbd/apr_dbd_mysql.c:1150
	dbd/apr_dbd_mysql.c:1150
	dbd/unsupported/apr_dbd_freetds.c:561
	dbd/unsupported/apr_dbd_freetds.c:561
	encoding/apr_escape.c:174
	encoding/apr_escape.c:180
	encoding/apr_escape.c:214
	encoding/apr_escape.c:219
	encoding/apr_escape.c:383
	encoding/apr_escape.c:384
	user/win32/userinfo.c:225
	user/win32/userinfo.c:229
	user/win32/groupinfo.c:39
	user/win32/groupinfo.c:43
	util-misc/apr_date.c:169
	util-misc/apr_date.c:346
	test/testtime.c:202
	test/testnames.c:326
	test/testnames.c:331
	crypto/apr_crypto_openssl.c:389
	crypto/apr_crypto_nss.c:192
	threadproc/os2/proc.c:372
	threadproc/os2/proc.c:372
	threadproc/os2/proc.c:473
	strings/apr_cstr.c:136
	strings/apr_fnmatch.c:244
	strings/apr_fnmatch.c:246
	strings/apr_fnmatch.c:249
	strings/apr_strtok.c:35
	strings/apr_strtok.c:47
	strings/apr_cpystrn.c:295
	strings/apr_snprintf.c:1067
	strings/apr_snprintf.c:1071
autoscan: warning: missing AC_CHECK_FUNCS([strcspn]) wanted by: 
	dbd/apr_dbd_oracle.c:426
	dbd/apr_dbd_mysql.c:1170
	dbd/unsupported/apr_dbd_freetds.c:576
autoscan: warning: missing AC_CHECK_FUNCS([strdup]) wanted by: 
	build/jlibtool.c:649
	build/jlibtool.c:1620
	build/aplibtool.c:665
	build/aplibtool.c:833
	build/aplibtool.c:882
	build/aplibtool.c:893
	dso/aix/dso.c:236
	dso/aix/dso.c:271
	dso/aix/dso.c:658
	test/testbuckets.c:244
	threadproc/beos/proc.c:234
	threadproc/beos/proc.c:239
	threadproc/beos/proc.c:242
	threadproc/beos/proc.c:244
	threadproc/beos/proc.c:248
	strings/apr_cpystrn.c:232
autoscan: warning: missing AC_CHECK_FUNCS([strerror]) wanted by: 
	misc/unix/errorcodes.c:174
	misc/unix/errorcodes.c:416
	dso/os390/dso.c:105
	dso/unix/dso.c:147
	dso/aix/dso.c:268
	dso/aix/dso.c:274
	dso/aix/dso.c:297
	dso/aix/dso.c:305
	dso/aix/dso.c:315
	dso/aix/dso.c:329
	dso/aix/dso.c:404
	dso/aix/dso.c:468
	dso/aix/dso.c:523
	dso/aix/dso.c:532
	dso/aix/dso.c:539
	dso/aix/dso.c:566
	dso/aix/dso.c:599
	dso/aix/dso.c:630
	dso/aix/dso.c:683
	dso/aix/dso.c:692
	dso/aix/dso.c:699
	dso/beos/dso.c:41
	dso/beos/dso.c:77
autoscan: warning: missing AC_CHECK_FUNCS([strncasecmp]) wanted by: 
	file_io/win32/filepath.c:146
	jose/apr_jose_decode.c:1695
	dbd/apr_dbd_oracle.c:428
	dbd/apr_dbd_mysql.c:1172
	dbd/unsupported/apr_dbd_freetds.c:579
	dbd/unsupported/apr_dbd_freetds.c:582
	dbd/unsupported/apr_dbd_freetds.c:585
	dbd/unsupported/apr_dbd_freetds.c:588
	dbd/unsupported/apr_dbd_freetds.c:591
	dbd/unsupported/apr_dbd_freetds.c:594
	dbd/unsupported/apr_dbd_freetds.c:597
	dbd/unsupported/apr_dbd_freetds.c:600
	include/apr_general.h:129
	strings/apr_cpystrn.c:267
autoscan: warning: missing AC_CHECK_FUNCS([strpbrk]) wanted by: 
	file_io/netware/filesys.c:81
	threadproc/os2/proc.c:462
autoscan: warning: missing AC_CHECK_FUNCS([strrchr]) wanted by: 
	file_io/win32/dir.c:229
	build/jlibtool.c:650
	build/jlibtool.c:651
	build/jlibtool.c:703
	build/jlibtool.c:706
	build/jlibtool.c:725
	build/jlibtool.c:804
	build/jlibtool.c:910
	build/jlibtool.c:1150
	build/jlibtool.c:1151
	build/jlibtool.c:1270
	build/jlibtool.c:1271
	build/jlibtool.c:1283
	build/jlibtool.c:1400
	build/jlibtool.c:1402
	build/jlibtool.c:1417
	build/jlibtool.c:1418
	build/jlibtool.c:1428
	build/jlibtool.c:1488
	build/jlibtool.c:1629
	build/jlibtool.c:1686
	build/aplibtool.c:257
	build/aplibtool.c:263
	build/aplibtool.c:285
	build/aplibtool.c:301
	build/aplibtool.c:302
	build/aplibtool.c:312
	build/aplibtool.c:342
	build/aplibtool.c:359
	build/aplibtool.c:360
	build/aplibtool.c:364
	build/aplibtool.c:411
	build/aplibtool.c:412
	build/aplibtool.c:420
	build/aplibtool.c:439
	build/aplibtool.c:467
	build/aplibtool.c:570
	build/aplibtool.c:842
	build/aplibtool.c:865
	build/aplibtool.c:868
	build/aplibtool.c:878
	build/aplibtool.c:894
	build/aplibtool.c:895
	test/abts.c:108
	test/abts.c:110
	test/abts.c:117
	threadproc/os2/proc.c:370
	strings/apr_fnmatch.c:456
	strings/apr_fnmatch.c:459
	strings/apr_cpystrn.c:201
	strings/apr_cpystrn.c:206
	strings/apr_cpystrn.c:210
autoscan: warning: missing AC_CHECK_FUNCS([strspn]) wanted by: 
	network_io/unix/sockaddr.c:559
	dbd/apr_dbd_odbc.c:836
	dbd/apr_dbd_odbc.c:837
autoscan: warning: missing AC_CHECK_FUNCS([strstr]) wanted by: 
	build/jlibtool.c:1152
	build/jlibtool.c:1249
	redis/apr_redis.c:1214
	redis/apr_redis.c:1457
	redis/apr_redis.c:1522
	redis/apr_redis.c:1533
	dbd/apr_dbd_sqlite2.c:468
	dbd/unsupported/apr_dbd_freetds.c:229
	strings/apr_cpystrn.c:288
autoscan: warning: missing AC_CHECK_FUNCS([strtol]) wanted by: 
	uri/apr_uri.c:885
	uri/apr_uri.c:955
	build/jlibtool.c:677
	redis/apr_redis.c:868
	redis/apr_redis.c:1216
	redis/apr_redis.c:1218
	redis/apr_redis.c:1220
	redis/apr_redis.c:1524
	redis/apr_redis.c:1526
	redis/apr_redis.c:1528
	network_io/unix/sockaddr.c:1154
	encoding/apr_escape.c:134
	memcache/apr_memcache.c:744
	json/apr_json_decode.c:667
autoscan: warning: missing AC_CHECK_FUNCS([tzset]) wanted by: 
	time/unix/time.c:295
autoscan: warning: missing AC_CHECK_FUNCS([utime]) wanted by: 
	file_io/netware/filestat.c:408
	file_io/unix/filestat.c:272
autoscan: warning: missing AC_CHECK_HEADERS([arpa/inet.h]) wanted by: 
	network_io/unix/inet_ntop.c:31
	network_io/unix/inet_pton.c:30
	network_io/os2/sockets.c:29
	include/apr_want.h:118
	include/arch/unix/apr_arch_networkio.h:65
	strings/apr_snprintf.c:36
autoscan: warning: missing AC_CHECK_HEADERS([fcntl.h]) wanted by: 
	misc/unix/rand.c:30
	file_io/unix/mktemp.c:81
	file_io/unix/flock.c:20
	dbm/apr_dbm_ndbm.c:32
	include/apr_portable.h:44
	include/arch/netware/apr_arch_file_io.h:33
	include/arch/win32/apr_arch_file_io.h:39
	include/arch/unix/apr_arch_file_io.h:37
	include/arch/unix/apr_arch_proc_mutex.h:39
	include/arch/unix/apr_arch_networkio.h:77
autoscan: warning: missing AC_CHECK_HEADERS([langinfo.h]) wanted by: 
	misc/unix/charset.c:23
autoscan: warning: missing AC_CHECK_HEADERS([limits.h]) wanted by: 
	file_io/unix/dir.c:24
	poll/unix/z_asio.c:50
	test/teststr.c:24
	include/apr.h.in:221
	strings/apr_snprintf.c:39
	locks/win32/thread_cond.c:26
autoscan: warning: missing AC_CHECK_HEADERS([malloc.h]) wanted by: 
	file_io/win32/readwrite.c:23
	file_io/os2/readwrite.c:25
	include/arch/win32/apr_arch_file_io.h:48
autoscan: warning: missing AC_CHECK_HEADERS([netdb.h]) wanted by: 
	misc/unix/errorcodes.c:25
	network_io/os2/sockopt.c:28
	network_io/os2/sockets.c:30
	include/arch/unix/apr_arch_networkio.h:74
	include/arch/os2/apr_arch_networkio.h:27
	crypto/getuuid.c:43
autoscan: warning: missing AC_CHECK_HEADERS([netinet/in.h]) wanted by: 
	network_io/unix/inet_ntop.c:28
	network_io/unix/inet_pton.c:27
	network_io/os2/sockopt.c:26
	network_io/os2/sockets.c:28
	include/apr_poll.h:31
	include/apr_network_io.h:32
	include/apr_want.h:115
	include/arch/unix/apr_arch_networkio.h:62
	strings/apr_snprintf.c:30
autoscan: warning: missing AC_CHECK_HEADERS([stddef.h]) wanted by: 
	dso/unix/dso.c:28
	xlate/xlate.c:31
	include/apr.h.in:183
	strings/apr_strings.c:59
	strings/apr_strtok.c:18
	locks/os2/proc_mutex.c:24
	locks/os2/thread_mutex.c:24
autoscan: warning: missing AC_CHECK_HEADERS([sys/file.h]) wanted by: 
	file_io/unix/flock.c:23
	include/arch/unix/apr_arch_shm.h:52
	include/arch/unix/apr_arch_proc_mutex.h:49
autoscan: warning: missing AC_CHECK_HEADERS([sys/ioctl.h]) wanted by: 
	include/arch/unix/apr_arch_file_io.h:86
	include/arch/unix/apr_arch_networkio.h:83
autoscan: warning: missing AC_CHECK_HEADERS([sys/param.h]) wanted by: 
	include/arch/unix/apr_arch_file_io.h:77
autoscan: warning: missing AC_CHECK_HEADERS([sys/socket.h]) wanted by: 
	misc/unix/rand.c:27
	misc/unix/otherchild.c:34
	network_io/unix/inet_ntop.c:25
	network_io/unix/inet_pton.c:24
	network_io/os2/sockopt.c:24
	network_io/os2/sockets.c:26
	include/apr.h.in:187
	include/arch/unix/apr_arch_file_io.h:83
	include/arch/unix/apr_arch_networkio.h:68
	include/arch/os2/apr_arch_os2calls.h:19
	strings/apr_snprintf.c:33
autoscan: warning: missing AC_CHECK_HEADERS([sys/time.h]) wanted by: 
	time/unix/time.c:28
	time/unix/timestr.c:23
	misc/unix/otherchild.c:25
	file_io/os2/filestat.c:22
	network_io/os2/sendrecv.c:22
	network_io/os2/sendrecv_udp.c:23
	include/apr_thread_proc.h:32
	include/arch/netware/apr_arch_file_io.h:66
	include/arch/unix/apr_arch_poll_private.h:36
	include/arch/unix/apr_arch_file_io.h:70
	include/arch/unix/apr_arch_networkio.h:44
	crypto/getuuid.c:46
autoscan: warning: missing AC_CHECK_HEADERS([termios.h]) wanted by: 
	passwd/apr_getpass.c:69
autoscan: warning: missing AC_CHECK_HEADERS([utime.h]) wanted by: 
	file_io/netware/filestat.c:28
	file_io/unix/filestat.c:24
autoscan: warning: missing AC_CHECK_HEADERS([wchar.h]) wanted by: 
	test/internal/testucs.c:19
	include/arch/win32/apr_arch_file_io.h:53
autoscan: warning: missing AC_CHECK_HEADER_STDBOOL wanted by: 
	build/aplibtool.c:24
	build/aplibtool.c:28
	build/aplibtool.c:29
	build/aplibtool.c:30
	build/aplibtool.c:75
	build/aplibtool.c:77
	build/aplibtool.c:78
	build/aplibtool.c:124
	build/aplibtool.c:163
	build/aplibtool.c:299
	build/aplibtool.c:357
	test/testjson.c:274
	build/aplibtool.c:28
	build/aplibtool.c:29
	build/aplibtool.c:30
	build/aplibtool.c:128
	build/aplibtool.c:199
	build/aplibtool.c:306
	build/aplibtool.c:352
	build/aplibtool.c:395
	build/aplibtool.c:401
	build/aplibtool.c:446
	build/aplibtool.c:178
	build/aplibtool.c:193
	build/aplibtool.c:195
	build/aplibtool.c:202
	build/aplibtool.c:214
	build/aplibtool.c:329
	build/aplibtool.c:335
	build/aplibtool.c:387
	build/aplibtool.c:431
	build/aplibtool.c:443
autoscan: warning: missing AC_FUNC_ALLOCA wanted by: 
	poll/unix/poll.c:29
	include/arch/netware/apr_private.h:35
	network_io/os2/sendrecv.c:122
	poll/unix/poll.c:80
	poll/os2/poll.c:38
	poll/os2/pollset.c:221
autoscan: warning: missing AC_FUNC_ERROR_AT_LINE wanted by: 
	dbd/apr_dbd.c:356
	crypto/apr_crypto.c:515
autoscan: warning: missing AC_FUNC_FORK wanted by: 
	build/jlibtool.c:455
	threadproc/netware/proc.c:225
	threadproc/netware/procsup.c:29
	threadproc/unix/proc.c:233
	threadproc/unix/proc.c:408
	threadproc/unix/procsup.c:31
	threadproc/os2/proc.c:226
	threadproc/beos/proc.c:137
autoscan: warning: missing AC_FUNC_LSTAT_FOLLOWS_SLASHED_SYMLINK wanted by: 
	file_io/unix/filestat.c:292
autoscan: warning: missing AC_FUNC_MALLOC wanted by: 
	xml/apr_xml_xmllite.c:157
	time/win32/timestr.c:133
	file_io/win32/readwrite.c:795
	file_io/unix/printf.c:52
	build/jlibtool.c:325
	build/jlibtool.c:386
	build/jlibtool.c:408
	build/jlibtool.c:729
	build/jlibtool.c:773
	build/jlibtool.c:790
	build/jlibtool.c:849
	build/jlibtool.c:899
	build/jlibtool.c:963
	build/jlibtool.c:988
	build/jlibtool.c:998
	build/jlibtool.c:1058
	build/jlibtool.c:1122
	build/jlibtool.c:1162
	build/jlibtool.c:1177
	build/jlibtool.c:1398
	build/jlibtool.c:1448
	build/jlibtool.c:1486
	build/jlibtool.c:1604
	build/jlibtool.c:1652
	build/jlibtool.c:1684
	build/jlibtool.c:1767
	build/jlibtool.c:1832
	build/jlibtool.c:2019
	build/jlibtool.c:2021
	build/jlibtool.c:2023
	build/jlibtool.c:2025
	build/jlibtool.c:2027
	build/jlibtool.c:2029
	build/jlibtool.c:2031
	build/jlibtool.c:2033
	build/jlibtool.c:2035
	build/aplibtool.c:275
	build/aplibtool.c:324
	build/aplibtool.c:340
	build/aplibtool.c:377
	build/aplibtool.c:407
	build/aplibtool.c:437
	build/aplibtool.c:596
	build/aplibtool.c:631
	build/aplibtool.c:817
	dbm/sdbm/sdbm.c:94
	dso/unix/dso.c:192
	dso/unix/dso.c:220
	dso/aix/dso.c:520
	dso/aix/dso.c:529
	dso/aix/dso.c:596
	dso/aix/dso.c:680
	dso/aix/dso.c:689
	network_io/win32/sendrecv.c:119
	network_io/unix/sendrecv.c:863
	network_io/unix/sendrecv.c:892
	memory/unix/apr_pools.c:178
	memory/unix/apr_pools.c:399
	memory/unix/apr_pools.c:1774
	memory/unix/apr_pools.c:1783
	memory/unix/apr_pools.c:2028
	memory/unix/apr_pools.c:2115
	memory/unix/apr_pools.c:2210
	memory/unix/apr_pools.c:2230
	poll/unix/poll.c:94
	test/sendfile.c:277
	test/sendfile.c:288
	test/testfile.c:1237
	test/abts.c:102
	test/abts.c:133
	test/testbuckets.c:99
	include/arch/win32/apr_arch_misc.h:167
	crypto/apr_crypto_openssl.c:1551
	crypto/apr_crypto_prng.c:310
	crypto/apr_passwd.c:139
	crypto/apr_passwd.c:152
	tables/apr_skiplist.c:128
	tables/apr_skiplist.c:197
	threadproc/beos/proc.c:107
	threadproc/beos/proc.c:233
	threadproc/beos/proc.c:237
	threadproc/beos/threadpriv.c:96
	threadproc/beos/threadpriv.c:98
	threadproc/beos/threadpriv.c:99
	threadproc/beos/apr_proc_stub.c:44
	threadproc/beos/apr_proc_stub.c:46
	strings/apr_cpystrn.c:237
autoscan: warning: missing AC_FUNC_MKTIME wanted by: 
	time/unix/time.c:270
	time/unix/time.c:339
autoscan: warning: missing AC_FUNC_MMAP wanted by: 
	memory/unix/apr_pools.c:393
	memory/unix/apr_pools.c:396
	shmem/unix/shm.c:189
	shmem/unix/shm.c:211
	shmem/unix/shm.c:312
	shmem/unix/shm.c:340
	shmem/unix/shm.c:602
	mmap/unix/mmap.c:133
	locks/unix/proc_mutex.c:589
autoscan: warning: missing AC_FUNC_REALLOC wanted by: 
	memory/unix/apr_pools.c:2193
	include/arch/win32/apr_arch_misc.h:173
	tables/apr_skiplist.c:167
autoscan: warning: missing AC_FUNC_STRERROR_R wanted by: 
	misc/unix/errorcodes.c:371
	misc/unix/errorcodes.c:387
	misc/unix/errorcodes.c:396
autoscan: warning: missing AC_FUNC_STRTOD wanted by: 
	json/apr_json_decode.c:663
autoscan: warning: missing AC_FUNC_WAIT3 wanted by: 
	threadproc/netware/procsup.c:95
	threadproc/unix/procsup.c:98
autoscan: warning: missing AC_PROG_CXX wanted by: 
	build/ltmain.sh:2198
	build/ltmain.sh:2657
	build/ltmain.sh:2660
	build/ltmain.sh:2665
	build/ltmain.sh:2665
	build/ltmain.sh:2675
	build/ltmain.sh:2679
	build/ltmain.sh:2682
	build/ltmain.sh:2682
	build/ltmain.sh:3759
	build/ltmain.sh:8641
	build/ltmain.sh:8653
	build/ltmain.sh:8655
	build/ltmain.sh:8893
autoscan: warning: missing AC_PROG_RANLIB wanted by: 
	build/ltmain.sh:3772
autoscan: warning: missing AC_STRUCT_ST_BLOCKS wanted by: 
	file_io/netware/filestat.c:77
	file_io/netware/filestat.c:79
	file_io/unix/filestat.c:121
	file_io/unix/filestat.c:123
autoscan: warning: missing AC_TYPE_MODE_T wanted by: 
	file_io/netware/filestat.c:33
	file_io/netware/filestat.c:134
	file_io/unix/filestat.c:27
	file_io/unix/filestat.c:177
	file_io/unix/fileacc.c:35
	file_io/unix/fileacc.c:37
	file_io/unix/fileacc.c:71
	file_io/unix/dir.c:306
	file_io/unix/pipe.c:272
	build/jlibtool.c:688
	build/aplibtool.c:31
	build/aplibtool.c:62
	include/arch/netware/apr_arch_file_io.h:179
	include/arch/netware/apr_arch_file_io.h:180
	include/arch/unix/apr_arch_file_io.h:177
	include/arch/unix/apr_arch_file_io.h:178
autoscan: warning: missing AC_TYPE_OFF_T wanted by: 
	network_io/unix/sendrecv.c:278
	network_io/unix/sendrecv.c:288
	network_io/unix/sendrecv.c:294
	network_io/unix/sendrecv.c:545
	network_io/unix/sendrecv.c:696
autoscan: warning: missing AC_TYPE_PID_T wanted by: 
	misc/unix/otherchild.c:171
	build/jlibtool.c:454
	random/unix/apr_random.c:151
	random/unix/apr_random.c:159
	test/testfmt.c:69
	include/apr_portable.h:156
	include/apr_thread_proc.h:136
	include/apr.h.in:722
	crypto/getuuid.c:72
	threadproc/netware/proc.c:394
	threadproc/netware/procsup.c:23
	threadproc/netware/procsup.c:88
	threadproc/unix/proc.c:643
	threadproc/unix/procsup.c:91
	threadproc/beos/proc.c:304
autoscan: warning: missing AC_TYPE_SIZE_T wanted by: 
	time/win32/timestr.c:127
	time/win32/timestr.c:134
	misc/netware/libprews.c:39
	misc/netware/libprews.c:41
	misc/netware/libprews.c:42
	misc/netware/libprews.c:42
	misc/netware/libprews.c:43
	misc/netware/libprews.c:44
	misc/netware/rand.c:26
	file_io/unix/seek.c:112
	build/jlibtool.c:293
	build/jlibtool.c:311
	build/jlibtool.c:1826
	dbd/apr_dbd.c:372
	dbd/apr_dbd_oracle.c:267
	dbd/apr_dbd_oracle.c:397
	dbd/apr_dbd_oracle.c:399
	dbd/apr_dbd_sqlite2.c:49
	dbd/apr_dbd_sqlite2.c:50
	dbd/apr_dbd_sqlite2.c:51
	dbd/apr_dbd_sqlite3.c:69
	dbd/apr_dbd_sqlite3.c:91
	dbd/apr_dbd_sqlite3.c:209
	dbd/apr_dbd_sqlite3.c:258
	dbd/apr_dbd_pgsql.c:52
	dbd/apr_dbd_pgsql.c:53
	dbd/apr_dbd_pgsql.c:54
	dbd/apr_dbd_pgsql.c:265
	dbd/apr_dbd_pgsql.c:273
	dbd/apr_dbd_pgsql.c:470
	dbd/apr_dbd_pgsql.c:483
	dbd/apr_dbd_pgsql.c:486
	dbd/apr_dbd_odbc.c:1222
	dbd/apr_dbd_odbc.c:1256
	dbd/apr_dbd_odbc.c:1446
	dbd/apr_dbd_mysql.c:1110
	dbd/apr_dbd_mysql.c:1112
	dbd/unsupported/apr_dbd_freetds.c:77
	dbd/unsupported/apr_dbd_freetds.c:78
	random/unix/sha2.c:379
	random/unix/sha2.c:522
	random/unix/sha2.h:48
	random/unix/sha2.h:51
	test/abts.c:257
	test/abts.c:257
	test/abts.c:290
	test/abts.h:75
	test/abts.h:82
	test/abts.h:82
	test/testskiplist.c:38
	test/testskiplist.c:113
	test/testskiplist.c:152
	include/apr_skiplist.h:76
	include/apr_skiplist.h:338
	include/apr_general.h:129
	include/apr_general.h:163
	include/apr_want.h:97
	include/arch/win32/apr_arch_misc.h:150
	include/arch/win32/apr_arch_misc.h:156
	include/arch/win32/apr_arch_misc.h:164
	include/arch/win32/apr_arch_misc.h:170
	crypto/apr_crypto_openssl.c:378
	crypto/apr_crypto_openssl.c:1445
	crypto/apr_crypto_commoncrypto.c:1304
	crypto/apr_crypto_commoncrypto.c:1345
	crypto/apr_crypto_nss.c:181
	tables/apr_skiplist.c:30
	tables/apr_skiplist.c:39
	tables/apr_skiplist.c:75
	tables/apr_skiplist.c:84
	tables/apr_skiplist.c:159
	tables/apr_skiplist.c:788
	threadproc/netware/thread.c:87
	threadproc/unix/proc.c:552
	strings/apr_cstr.c:180
	strings/apr_strings.c:216
	strings/apr_cpystrn.c:235
	strings/apr_cpystrn.c:267
autoscan: warning: missing AC_TYPE_UID_T wanted by: 
	include/apr_user.h:54
	include/apr.h.in:725
	include/apr_user.h:45
	include/apr.h.in:724
autoscan: warning: missing AC_TYPE_UINT32_T wanted by: 
	misc/unix/rand.c:81
