This file contains any messages produced by compilers while
running configure, to aid debugging if configure makes a mistake.

It was created by zardoz configure 1.0, which was
generated by GNU Autoconf 2.69.  Invocation command line was

  $ ./configure 

## --------- ##
## Platform. ##
## --------- ##

hostname = hacker-System-Productive
uname -m = i686
uname -r = 4.15.0-54-generic
uname -s = Linux
uname -v = #58~16.04.1-Ubuntu SMP Mon Jun 24 13:21:14 UTC 2019

/usr/bin/uname -p = unknown
/bin/uname -X     = unknown

/bin/arch              = unknown
/usr/bin/arch -k       = unknown
/usr/convex/getsysinfo = unknown
/usr/bin/hostinfo      = unknown
/bin/machine           = unknown
/usr/bin/oslevel       = unknown
/bin/universe          = unknown

PATH: /home/hacker/bin
PATH: /home/hacker/.local/bin
PATH: /usr/local/sbin
PATH: /usr/local/bin
PATH: /usr/sbin
PATH: /usr/bin
PATH: /sbin
PATH: /bin
PATH: /usr/games
PATH: /usr/local/games
PATH: /snap/bin


## ----------- ##
## Core tests. ##
## ----------- ##

configure:2010: checking for a BSD-compatible install
configure:2078: result: /usr/bin/install -c
configure:2089: checking whether build environment is sane
configure:2144: result: yes
configure:2295: checking for a thread-safe mkdir -p
configure:2334: result: /bin/mkdir -p
configure:2341: checking for gawk
configure:2357: found /usr/bin/gawk
configure:2368: result: gawk
configure:2379: checking whether make sets $(MAKE)
configure:2401: result: yes
configure:2430: checking whether make supports nested variables
configure:2447: result: yes
configure:2621: checking for gcc
configure:2637: found /usr/bin/gcc
configure:2648: result: gcc
configure:2877: checking for C compiler version
configure:2886: gcc --version >&5
gcc (Ubuntu 5.4.0-6ubuntu1~16.04.11) 5.4.0 20160609
Copyright (C) 2015 Free Software Foundation, Inc.
This is free software; see the source for copying conditions.  There is NO
warranty; not even for MERCHANTABILITY or FITNESS FOR A PARTICULAR PURPOSE.

configure:2897: $? = 0
configure:2886: gcc -v >&5
Using built-in specs.
COLLECT_GCC=gcc
COLLECT_LTO_WRAPPER=/usr/lib/gcc/i686-linux-gnu/5/lto-wrapper
Target: i686-linux-gnu
Configured with: ../src/configure -v --with-pkgversion='Ubuntu 5.4.0-6ubuntu1~16.04.11' --with-bugurl=file:///usr/share/doc/gcc-5/README.Bugs --enable-languages=c,ada,c++,java,go,d,fortran,objc,obj-c++ --prefix=/usr --program-suffix=-5 --enable-shared --enable-linker-build-id --libexecdir=/usr/lib --without-included-gettext --enable-threads=posix --libdir=/usr/lib --enable-nls --with-sysroot=/ --enable-clocale=gnu --enable-libstdcxx-debug --enable-libstdcxx-time=yes --with-default-libstdcxx-abi=new --enable-gnu-unique-object --disable-vtable-verify --enable-libmpx --enable-plugin --with-system-zlib --disable-browser-plugin --enable-java-awt=gtk --enable-gtk-cairo --with-java-home=/usr/lib/jvm/java-1.5.0-gcj-5-i386/jre --enable-java-home --with-jvm-root-dir=/usr/lib/jvm/java-1.5.0-gcj-5-i386 --with-jvm-jar-dir=/usr/lib/jvm-exports/java-1.5.0-gcj-5-i386 --with-arch-directory=i386 --with-ecj-jar=/usr/share/java/eclipse-ecj.jar --enable-objc-gc --enable-targets=all --enable-multiarch --disable-werror --with-arch-32=i686 --with-multilib-list=m32,m64,mx32 --enable-multilib --with-tune=generic --enable-checking=release --build=i686-linux-gnu --host=i686-linux-gnu --target=i686-linux-gnu
Thread model: posix
gcc version 5.4.0 20160609 (Ubuntu 5.4.0-6ubuntu1~16.04.11) 
configure:2897: $? = 0
configure:2886: gcc -V >&5
gcc: error: unrecognized command line option '-V'
gcc: fatal error: no input files
compilation terminated.
configure:2897: $? = 1
configure:2886: gcc -qversion >&5
gcc: error: unrecognized command line option '-qversion'
gcc: fatal error: no input files
compilation terminated.
configure:2897: $? = 1
configure:2917: checking whether the C compiler works
configure:2939: gcc    conftest.c  >&5
configure:2943: $? = 0
configure:2991: result: yes
configure:2994: checking for C compiler default output file name
configure:2996: result: a.out
configure:3002: checking for suffix of executables
configure:3009: gcc -o conftest    conftest.c  >&5
configure:3013: $? = 0
configure:3035: result: 
configure:3057: checking whether we are cross compiling
configure:3065: gcc -o conftest    conftest.c  >&5
configure:3069: $? = 0
configure:3076: ./conftest
configure:3080: $? = 0
configure:3095: result: no
configure:3100: checking for suffix of object files
configure:3122: gcc -c   conftest.c >&5
configure:3126: $? = 0
configure:3147: result: o
configure:3151: checking whether we are using the GNU C compiler
configure:3170: gcc -c   conftest.c >&5
configure:3170: $? = 0
configure:3179: result: yes
configure:3188: checking whether gcc accepts -g
configure:3208: gcc -c -g  conftest.c >&5
configure:3208: $? = 0
configure:3249: result: yes
configure:3266: checking for gcc option to accept ISO C89
configure:3329: gcc  -c -g -O2  conftest.c >&5
configure:3329: $? = 0
configure:3342: result: none needed
configure:3367: checking whether gcc understands -c and -o together
configure:3389: gcc -c conftest.c -o conftest2.o
configure:3392: $? = 0
configure:3389: gcc -c conftest.c -o conftest2.o
configure:3392: $? = 0
configure:3404: result: yes
configure:3432: checking for style of include used by make
configure:3460: result: GNU
configure:3486: checking dependency style of gcc
configure:3597: result: gcc3
configure:3670: checking for g++
configure:3686: found /usr/bin/g++
configure:3697: result: g++
configure:3724: checking for C++ compiler version
configure:3733: g++ --version >&5
g++ (Ubuntu 5.4.0-6ubuntu1~16.04.11) 5.4.0 20160609
Copyright (C) 2015 Free Software Foundation, Inc.
This is free software; see the source for copying conditions.  There is NO
warranty; not even for MERCHANTABILITY or FITNESS FOR A PARTICULAR PURPOSE.

configure:3744: $? = 0
configure:3733: g++ -v >&5
Using built-in specs.
COLLECT_GCC=g++
COLLECT_LTO_WRAPPER=/usr/lib/gcc/i686-linux-gnu/5/lto-wrapper
Target: i686-linux-gnu
Configured with: ../src/configure -v --with-pkgversion='Ubuntu 5.4.0-6ubuntu1~16.04.11' --with-bugurl=file:///usr/share/doc/gcc-5/README.Bugs --enable-languages=c,ada,c++,java,go,d,fortran,objc,obj-c++ --prefix=/usr --program-suffix=-5 --enable-shared --enable-linker-build-id --libexecdir=/usr/lib --without-included-gettext --enable-threads=posix --libdir=/usr/lib --enable-nls --with-sysroot=/ --enable-clocale=gnu --enable-libstdcxx-debug --enable-libstdcxx-time=yes --with-default-libstdcxx-abi=new --enable-gnu-unique-object --disable-vtable-verify --enable-libmpx --enable-plugin --with-system-zlib --disable-browser-plugin --enable-java-awt=gtk --enable-gtk-cairo --with-java-home=/usr/lib/jvm/java-1.5.0-gcj-5-i386/jre --enable-java-home --with-jvm-root-dir=/usr/lib/jvm/java-1.5.0-gcj-5-i386 --with-jvm-jar-dir=/usr/lib/jvm-exports/java-1.5.0-gcj-5-i386 --with-arch-directory=i386 --with-ecj-jar=/usr/share/java/eclipse-ecj.jar --enable-objc-gc --enable-targets=all --enable-multiarch --disable-werror --with-arch-32=i686 --with-multilib-list=m32,m64,mx32 --enable-multilib --with-tune=generic --enable-checking=release --build=i686-linux-gnu --host=i686-linux-gnu --target=i686-linux-gnu
Thread model: posix
gcc version 5.4.0 20160609 (Ubuntu 5.4.0-6ubuntu1~16.04.11) 
configure:3744: $? = 0
configure:3733: g++ -V >&5
g++: error: unrecognized command line option '-V'
g++: fatal error: no input files
compilation terminated.
configure:3744: $? = 1
configure:3733: g++ -qversion >&5
g++: error: unrecognized command line option '-qversion'
g++: fatal error: no input files
compilation terminated.
configure:3744: $? = 1
configure:3748: checking whether we are using the GNU C++ compiler
configure:3767: g++ -c   conftest.cpp >&5
configure:3767: $? = 0
configure:3776: result: yes
configure:3785: checking whether g++ accepts -g
configure:3805: g++ -c -g  conftest.cpp >&5
configure:3805: $? = 0
configure:3846: result: yes
configure:3871: checking dependency style of g++
configure:3982: result: gcc3
configure:4051: checking for gcc
configure:4067: found /usr/bin/gcc
configure:4078: result: gcc
configure:4103: checking for Objective C compiler version
configure:4112: gcc --version >&5
gcc (Ubuntu 5.4.0-6ubuntu1~16.04.11) 5.4.0 20160609
Copyright (C) 2015 Free Software Foundation, Inc.
This is free software; see the source for copying conditions.  There is NO
warranty; not even for MERCHANTABILITY or FITNESS FOR A PARTICULAR PURPOSE.

configure:4123: $? = 0
configure:4112: gcc -v >&5
Using built-in specs.
COLLECT_GCC=gcc
COLLECT_LTO_WRAPPER=/usr/lib/gcc/i686-linux-gnu/5/lto-wrapper
Target: i686-linux-gnu
Configured with: ../src/configure -v --with-pkgversion='Ubuntu 5.4.0-6ubuntu1~16.04.11' --with-bugurl=file:///usr/share/doc/gcc-5/README.Bugs --enable-languages=c,ada,c++,java,go,d,fortran,objc,obj-c++ --prefix=/usr --program-suffix=-5 --enable-shared --enable-linker-build-id --libexecdir=/usr/lib --without-included-gettext --enable-threads=posix --libdir=/usr/lib --enable-nls --with-sysroot=/ --enable-clocale=gnu --enable-libstdcxx-debug --enable-libstdcxx-time=yes --with-default-libstdcxx-abi=new --enable-gnu-unique-object --disable-vtable-verify --enable-libmpx --enable-plugin --with-system-zlib --disable-browser-plugin --enable-java-awt=gtk --enable-gtk-cairo --with-java-home=/usr/lib/jvm/java-1.5.0-gcj-5-i386/jre --enable-java-home --with-jvm-root-dir=/usr/lib/jvm/java-1.5.0-gcj-5-i386 --with-jvm-jar-dir=/usr/lib/jvm-exports/java-1.5.0-gcj-5-i386 --with-arch-directory=i386 --with-ecj-jar=/usr/share/java/eclipse-ecj.jar --enable-objc-gc --enable-targets=all --enable-multiarch --disable-werror --with-arch-32=i686 --with-multilib-list=m32,m64,mx32 --enable-multilib --with-tune=generic --enable-checking=release --build=i686-linux-gnu --host=i686-linux-gnu --target=i686-linux-gnu
Thread model: posix
gcc version 5.4.0 20160609 (Ubuntu 5.4.0-6ubuntu1~16.04.11) 
configure:4123: $? = 0
configure:4112: gcc -V >&5
gcc: error: unrecognized command line option '-V'
gcc: fatal error: no input files
compilation terminated.
configure:4123: $? = 1
configure:4112: gcc -qversion >&5
gcc: error: unrecognized command line option '-qversion'
gcc: fatal error: no input files
compilation terminated.
configure:4123: $? = 1
configure:4127: checking whether we are using the GNU Objective C compiler
configure:4146: gcc -c   conftest.m >&5
gcc: error trying to exec 'cc1obj': execvp: No such file or directory
configure:4146: $? = 1
configure: failed program was:
| /* confdefs.h */
| #define PACKAGE_NAME "zardoz"
| #define PACKAGE_TARNAME "zardoz"
| #define PACKAGE_VERSION "1.0"
| #define PACKAGE_STRING "zardoz 1.0"
| #define PACKAGE_BUGREPORT ""
| #define PACKAGE_URL ""
| #define PACKAGE "zardoz"
| #define VERSION "1.0"
| /* end confdefs.h.  */
| 
| int
| main ()
| {
| #ifndef __GNUC__
|        choke me
| #endif
| 
|   ;
|   return 0;
| }
configure:4155: result: no
configure:4164: checking whether gcc accepts -g
configure:4184: gcc -c -g  conftest.m >&5
gcc: error trying to exec 'cc1obj': execvp: No such file or directory
configure:4184: $? = 1
configure: failed program was:
| /* confdefs.h */
| #define PACKAGE_NAME "zardoz"
| #define PACKAGE_TARNAME "zardoz"
| #define PACKAGE_VERSION "1.0"
| #define PACKAGE_STRING "zardoz 1.0"
| #define PACKAGE_BUGREPORT ""
| #define PACKAGE_URL ""
| #define PACKAGE "zardoz"
| #define VERSION "1.0"
| /* end confdefs.h.  */
| 
| int
| main ()
| {
| 
|   ;
|   return 0;
| }
configure:4199: gcc -c   conftest.m >&5
gcc: error trying to exec 'cc1obj': execvp: No such file or directory
configure:4199: $? = 1
configure: failed program was:
| /* confdefs.h */
| #define PACKAGE_NAME "zardoz"
| #define PACKAGE_TARNAME "zardoz"
| #define PACKAGE_VERSION "1.0"
| #define PACKAGE_STRING "zardoz 1.0"
| #define PACKAGE_BUGREPORT ""
| #define PACKAGE_URL ""
| #define PACKAGE "zardoz"
| #define VERSION "1.0"
| /* end confdefs.h.  */
| 
| int
| main ()
| {
| 
|   ;
|   return 0;
| }
configure:4215: gcc -c -g  conftest.m >&5
gcc: error trying to exec 'cc1obj': execvp: No such file or directory
configure:4215: $? = 1
configure: failed program was:
| /* confdefs.h */
| #define PACKAGE_NAME "zardoz"
| #define PACKAGE_TARNAME "zardoz"
| #define PACKAGE_VERSION "1.0"
| #define PACKAGE_STRING "zardoz 1.0"
| #define PACKAGE_BUGREPORT ""
| #define PACKAGE_URL ""
| #define PACKAGE "zardoz"
| #define VERSION "1.0"
| /* end confdefs.h.  */
| 
| int
| main ()
| {
| 
|   ;
|   return 0;
| }
configure:4225: result: no
configure:4250: checking dependency style of gcc
configure:4359: result: gcc3
configure:4428: checking for g++
configure:4444: found /usr/bin/g++
configure:4455: result: g++
configure:4480: checking for Objective C++ compiler version
configure:4489: g++ --version >&5
g++ (Ubuntu 5.4.0-6ubuntu1~16.04.11) 5.4.0 20160609
Copyright (C) 2015 Free Software Foundation, Inc.
This is free software; see the source for copying conditions.  There is NO
warranty; not even for MERCHANTABILITY or FITNESS FOR A PARTICULAR PURPOSE.

configure:4500: $? = 0
configure:4489: g++ -v >&5
Using built-in specs.
COLLECT_GCC=g++
COLLECT_LTO_WRAPPER=/usr/lib/gcc/i686-linux-gnu/5/lto-wrapper
Target: i686-linux-gnu
Configured with: ../src/configure -v --with-pkgversion='Ubuntu 5.4.0-6ubuntu1~16.04.11' --with-bugurl=file:///usr/share/doc/gcc-5/README.Bugs --enable-languages=c,ada,c++,java,go,d,fortran,objc,obj-c++ --prefix=/usr --program-suffix=-5 --enable-shared --enable-linker-build-id --libexecdir=/usr/lib --without-included-gettext --enable-threads=posix --libdir=/usr/lib --enable-nls --with-sysroot=/ --enable-clocale=gnu --enable-libstdcxx-debug --enable-libstdcxx-time=yes --with-default-libstdcxx-abi=new --enable-gnu-unique-object --disable-vtable-verify --enable-libmpx --enable-plugin --with-system-zlib --disable-browser-plugin --enable-java-awt=gtk --enable-gtk-cairo --with-java-home=/usr/lib/jvm/java-1.5.0-gcj-5-i386/jre --enable-java-home --with-jvm-root-dir=/usr/lib/jvm/java-1.5.0-gcj-5-i386 --with-jvm-jar-dir=/usr/lib/jvm-exports/java-1.5.0-gcj-5-i386 --with-arch-directory=i386 --with-ecj-jar=/usr/share/java/eclipse-ecj.jar --enable-objc-gc --enable-targets=all --enable-multiarch --disable-werror --with-arch-32=i686 --with-multilib-list=m32,m64,mx32 --enable-multilib --with-tune=generic --enable-checking=release --build=i686-linux-gnu --host=i686-linux-gnu --target=i686-linux-gnu
Thread model: posix
gcc version 5.4.0 20160609 (Ubuntu 5.4.0-6ubuntu1~16.04.11) 
configure:4500: $? = 0
configure:4489: g++ -V >&5
g++: error: unrecognized command line option '-V'
g++: fatal error: no input files
compilation terminated.
configure:4500: $? = 1
configure:4489: g++ -qversion >&5
g++: error: unrecognized command line option '-qversion'
g++: fatal error: no input files
compilation terminated.
configure:4500: $? = 1
configure:4504: checking whether we are using the GNU Objective C++ compiler
configure:4523: g++ -c   conftest.mm >&5
g++: error trying to exec 'cc1objplus': execvp: No such file or directory
configure:4523: $? = 1
configure: failed program was:
| /* confdefs.h */
| #define PACKAGE_NAME "zardoz"
| #define PACKAGE_TARNAME "zardoz"
| #define PACKAGE_VERSION "1.0"
| #define PACKAGE_STRING "zardoz 1.0"
| #define PACKAGE_BUGREPORT ""
| #define PACKAGE_URL ""
| #define PACKAGE "zardoz"
| #define VERSION "1.0"
| /* end confdefs.h.  */
| 
| int
| main ()
| {
| #ifndef __GNUC__
|        choke me
| #endif
| 
|   ;
|   return 0;
| }
configure:4532: result: no
configure:4541: checking whether g++ accepts -g
configure:4561: g++ -c -g  conftest.mm >&5
g++: error trying to exec 'cc1objplus': execvp: No such file or directory
configure:4561: $? = 1
configure: failed program was:
| /* confdefs.h */
| #define PACKAGE_NAME "zardoz"
| #define PACKAGE_TARNAME "zardoz"
| #define PACKAGE_VERSION "1.0"
| #define PACKAGE_STRING "zardoz 1.0"
| #define PACKAGE_BUGREPORT ""
| #define PACKAGE_URL ""
| #define PACKAGE "zardoz"
| #define VERSION "1.0"
| /* end confdefs.h.  */
| 
| int
| main ()
| {
| 
|   ;
|   return 0;
| }
configure:4576: g++ -c   conftest.mm >&5
g++: error trying to exec 'cc1objplus': execvp: No such file or directory
configure:4576: $? = 1
configure: failed program was:
| /* confdefs.h */
| #define PACKAGE_NAME "zardoz"
| #define PACKAGE_TARNAME "zardoz"
| #define PACKAGE_VERSION "1.0"
| #define PACKAGE_STRING "zardoz 1.0"
| #define PACKAGE_BUGREPORT ""
| #define PACKAGE_URL ""
| #define PACKAGE "zardoz"
| #define VERSION "1.0"
| /* end confdefs.h.  */
| 
| int
| main ()
| {
| 
|   ;
|   return 0;
| }
configure:4592: g++ -c -g  conftest.mm >&5
g++: error trying to exec 'cc1objplus': execvp: No such file or directory
configure:4592: $? = 1
configure: failed program was:
| /* confdefs.h */
| #define PACKAGE_NAME "zardoz"
| #define PACKAGE_TARNAME "zardoz"
| #define PACKAGE_VERSION "1.0"
| #define PACKAGE_STRING "zardoz 1.0"
| #define PACKAGE_BUGREPORT ""
| #define PACKAGE_URL ""
| #define PACKAGE "zardoz"
| #define VERSION "1.0"
| /* end confdefs.h.  */
| 
| int
| main ()
| {
| 
|   ;
|   return 0;
| }
configure:4602: result: no
configure:4627: checking dependency style of g++
configure:4736: result: gcc3
configure:4760: checking dependency style of gcc
configure:4869: result: gcc3
configure:4933: checking for gcj
configure:4963: result: no
configure:4992: checking dependency style of gcj
configure:5101: result: none
configure:5166: checking for upcc
configure:5196: result: no
configure:5166: checking for upc
configure:5196: result: no
configure:5218: error: no Unified Parallel C compiler was found

## ---------------- ##
## Cache variables. ##
## ---------------- ##

ac_cv_c_compiler_gnu=yes
ac_cv_cxx_compiler_gnu=yes
ac_cv_env_CCASFLAGS_set=
ac_cv_env_CCASFLAGS_value=
ac_cv_env_CCAS_set=
ac_cv_env_CCAS_value=
ac_cv_env_CCC_set=
ac_cv_env_CCC_value=
ac_cv_env_CC_set=
ac_cv_env_CC_value=
ac_cv_env_CFLAGS_set=
ac_cv_env_CFLAGS_value=
ac_cv_env_CPPFLAGS_set=
ac_cv_env_CPPFLAGS_value=
ac_cv_env_CXXFLAGS_set=
ac_cv_env_CXXFLAGS_value=
ac_cv_env_CXX_set=
ac_cv_env_CXX_value=
ac_cv_env_LDFLAGS_set=
ac_cv_env_LDFLAGS_value=
ac_cv_env_LIBS_set=
ac_cv_env_LIBS_value=
ac_cv_env_OBJCFLAGS_set=
ac_cv_env_OBJCFLAGS_value=
ac_cv_env_OBJCXXFLAGS_set=
ac_cv_env_OBJCXXFLAGS_value=
ac_cv_env_OBJCXX_set=
ac_cv_env_OBJCXX_value=
ac_cv_env_OBJC_set=
ac_cv_env_OBJC_value=
ac_cv_env_UPCFLAGS_set=
ac_cv_env_UPCFLAGS_value=
ac_cv_env_UPC_set=
ac_cv_env_UPC_value=
ac_cv_env_build_alias_set=
ac_cv_env_build_alias_value=
ac_cv_env_host_alias_set=
ac_cv_env_host_alias_value=
ac_cv_env_target_alias_set=
ac_cv_env_target_alias_value=
ac_cv_objc_compiler_gnu=no
ac_cv_objcxx_compiler_gnu=no
ac_cv_objext=o
ac_cv_path_install='/usr/bin/install -c'
ac_cv_path_mkdir=/bin/mkdir
ac_cv_prog_AWK=gawk
ac_cv_prog_ac_ct_CC=gcc
ac_cv_prog_ac_ct_CXX=g++
ac_cv_prog_ac_ct_OBJC=gcc
ac_cv_prog_ac_ct_OBJCXX=g++
ac_cv_prog_cc_c89=
ac_cv_prog_cc_g=yes
ac_cv_prog_cxx_g=yes
ac_cv_prog_make_make_set=yes
ac_cv_prog_objc_g=no
ac_cv_prog_objcxx_g=no
am_cv_CCAS_dependencies_compiler_type=gcc3
am_cv_CC_dependencies_compiler_type=gcc3
am_cv_CXX_dependencies_compiler_type=gcc3
am_cv_GCJ_dependencies_compiler_type=none
am_cv_OBJCXX_dependencies_compiler_type=gcc3
am_cv_OBJC_dependencies_compiler_type=gcc3
am_cv_make_support_nested_variables=yes
am_cv_prog_cc_c_o=yes

## ----------------- ##
## Output variables. ##
## ----------------- ##

ACLOCAL='${SHELL} /home/hacker/test2/httpd-2.4.39/src/missing aclocal-1.15'
AMDEPBACKSLASH='\'
AMDEP_FALSE='#'
AMDEP_TRUE=''
AMTAR='$${TAR-tar}'
AM_BACKSLASH='\'
AM_DEFAULT_V='$(AM_DEFAULT_VERBOSITY)'
AM_DEFAULT_VERBOSITY='1'
AM_V='$(V)'
AUTOCONF='${SHELL} /home/hacker/test2/httpd-2.4.39/src/missing autoconf'
AUTOHEADER='${SHELL} /home/hacker/test2/httpd-2.4.39/src/missing autoheader'
AUTOMAKE='${SHELL} /home/hacker/test2/httpd-2.4.39/src/missing automake-1.15'
AWK='gawk'
CC='gcc'
CCAS='gcc'
CCASDEPMODE='depmode=gcc3'
CCASFLAGS='-g -O2'
CCDEPMODE='depmode=gcc3'
CFLAGS='-g -O2'
CPPFLAGS=''
CXX='g++'
CXXDEPMODE='depmode=gcc3'
CXXFLAGS='-g -O2'
CYGPATH_W='echo'
DEFS=''
DEPDIR='.deps'
ECHO_C=''
ECHO_N='-n'
ECHO_T=''
EXEEXT=''
GCJ='gcj'
GCJDEPMODE='depmode=none'
GCJFLAGS='-g -O2'
INSTALL_DATA='${INSTALL} -m 644'
INSTALL_PROGRAM='${INSTALL}'
INSTALL_SCRIPT='${INSTALL}'
INSTALL_STRIP_PROGRAM='$(install_sh) -c -s'
LDFLAGS=''
LIBOBJS=''
LIBS=''
LTLIBOBJS=''
MAKEINFO='${SHELL} /home/hacker/test2/httpd-2.4.39/src/missing makeinfo'
MKDIR_P='/bin/mkdir -p'
OBJC='gcc'
OBJCDEPMODE='depmode=gcc3'
OBJCFLAGS=''
OBJCXX='g++'
OBJCXXDEPMODE='depmode=gcc3'
OBJCXXFLAGS=''
OBJEXT='o'
PACKAGE='zardoz'
PACKAGE_BUGREPORT=''
PACKAGE_NAME='zardoz'
PACKAGE_STRING='zardoz 1.0'
PACKAGE_TARNAME='zardoz'
PACKAGE_URL=''
PACKAGE_VERSION='1.0'
PATH_SEPARATOR=':'
SET_MAKE=''
SHELL='/bin/bash'
STRIP=''
UPC=':'
UPCDEPMODE=''
UPCFLAGS=''
VERSION='1.0'
ac_ct_CC='gcc'
ac_ct_CXX='g++'
ac_ct_GCJ=''
ac_ct_OBJC='gcc'
ac_ct_OBJCXX='g++'
ac_ct_UPC=''
am__EXEEXT_FALSE=''
am__EXEEXT_TRUE=''
am__fastdepCCAS_FALSE='#'
am__fastdepCCAS_TRUE=''
am__fastdepCC_FALSE='#'
am__fastdepCC_TRUE=''
am__fastdepCXX_FALSE='#'
am__fastdepCXX_TRUE=''
am__fastdepGCJ_FALSE=''
am__fastdepGCJ_TRUE='#'
am__fastdepOBJCXX_FALSE='#'
am__fastdepOBJCXX_TRUE=''
am__fastdepOBJC_FALSE='#'
am__fastdepOBJC_TRUE=''
am__fastdepUPC_FALSE=''
am__fastdepUPC_TRUE=''
am__include='include'
am__isrc=''
am__leading_dot='.'
am__nodep='_no'
am__quote=''
am__tar='$${TAR-tar} chof - "$$tardir"'
am__untar='$${TAR-tar} xf -'
bindir='${exec_prefix}/bin'
build_alias=''
datadir='${datarootdir}'
datarootdir='${prefix}/share'
docdir='${datarootdir}/doc/${PACKAGE_TARNAME}'
dvidir='${docdir}'
exec_prefix='NONE'
host_alias=''
htmldir='${docdir}'
includedir='${prefix}/include'
infodir='${datarootdir}/info'
install_sh='${SHELL} /home/hacker/test2/httpd-2.4.39/src/install-sh'
libdir='${exec_prefix}/lib'
libexecdir='${exec_prefix}/libexec'
localedir='${datarootdir}/locale'
localstatedir='${prefix}/var'
mandir='${datarootdir}/man'
mkdir_p='$(MKDIR_P)'
oldincludedir='/usr/include'
pdfdir='${docdir}'
prefix='NONE'
program_transform_name='s,x,x,'
psdir='${docdir}'
runstatedir='${localstatedir}/run'
sbindir='${exec_prefix}/sbin'
sharedstatedir='${prefix}/com'
sysconfdir='${prefix}/etc'
target_alias=''

## ----------- ##
## confdefs.h. ##
## ----------- ##

/* confdefs.h */
#define PACKAGE_NAME "zardoz"
#define PACKAGE_TARNAME "zardoz"
#define PACKAGE_VERSION "1.0"
#define PACKAGE_STRING "zardoz 1.0"
#define PACKAGE_BUGREPORT ""
#define PACKAGE_URL ""
#define PACKAGE "zardoz"
#define VERSION "1.0"

configure: exit 77
